<?xml version="1.0" encoding="UTF-8"?>
<!-- Generated by org.testng.reporters.JUnitXMLReporter -->
<testsuite hostname="dell-PC" name="Parallel testing" tests="3" failures="0" timestamp="31 Jan 2021 20:21:02 GMT" time="16.199" errors="0">
  <testcase name="openBing" time="8.863" classname="org.testNG.TestNGCase1"/>
  <testcase name="openGoogle" time="10.076" classname="org.testNG.TestNGCase1"/>
  <testcase name="openYahoo" time="16.17" classname="org.testNG.TestNGCase1"/>
</testsuite> <!-- Parallel testing -->
