<?xml version="1.0" encoding="UTF-8"?>
<testng-results skipped="0" failed="0" total="1" passed="1">
  <reporter-output>
  </reporter-output>
  <suite name="Default suite" duration-ms="22330" started-at="2021-01-31T20:37:53Z" finished-at="2021-01-31T20:38:15Z">
    <groups>
    </groups>
    <test name="Default test" duration-ms="22330" started-at="2021-01-31T20:37:53Z" finished-at="2021-01-31T20:38:15Z">
      <class name="org.testNG.TestNGCase1">
        <test-method status="PASS" signature="openGoogle()[pri:0, instance:org.testNG.TestNGCase1@418e7838]" name="openGoogle" duration-ms="22295" started-at="2021-02-01T02:07:53Z" finished-at="2021-02-01T02:08:15Z">
          <reporter-output>
          </reporter-output>
        </test-method> <!-- openGoogle -->
      </class> <!-- org.testNG.TestNGCase1 -->
    </test> <!-- Default test -->
  </suite> <!-- Default suite -->
</testng-results>
